<?xml version="1.0" encoding="UTF-8"?>
<!-- Generated by org.testng.reporters.JUnitReportReporter -->
<testsuite hostname="Mukul_Desk" name="org.vms.testscripts.TC001" tests="1" failures="0" timestamp="28 Feb 2019 05:21:25 GMT" time="7.808" errors="0">
  <testcase name="testLogin" time="7.808" classname="org.vms.testscripts.TC001"/>
</testsuite> <!-- org.vms.testscripts.TC001 -->
