<?xml version="1.0" encoding="UTF-8"?>
<!-- Generated by org.testng.reporters.JUnitReportReporter -->
<testsuite hostname="Mukul_Desk" name="org.vms.testscripts.TC001" tests="1" failures="0" timestamp="27 Feb 2019 09:40:40 GMT" time="9.078" errors="0">
  <testcase name="testLogin" time="9.078" classname="org.vms.testscripts.TC001"/>
</testsuite> <!-- org.vms.testscripts.TC001 -->
