<?xml version="1.0" encoding="UTF-8"?>
<!-- Generated by org.testng.reporters.JUnitReportReporter -->
<testsuite hostname="Shubham_Desk" name="org.vms.testscripts.CreateRoleTypeTest" tests="2" failures="0" timestamp="5 Mar 2019 06:07:27 GMT" time="37.963" errors="0">
  <testcase name="testRoleCreate" time="23.139" classname="org.vms.testscripts.CreateRoleTypeTest"/>
  <testcase name="testRoleCreate" time="14.824" classname="org.vms.testscripts.CreateRoleTypeTest"/>
</testsuite> <!-- org.vms.testscripts.CreateRoleTypeTest -->
