<?xml version="1.0" encoding="UTF-8"?>
<!-- Generated by org.testng.reporters.JUnitReportReporter -->
<testsuite hostname="Shubham_Desk" name="org.vms.testscripts.CreateRoleTypeTest" tests="2" failures="0" timestamp="1 Mar 2019 11:59:36 GMT" time="24.338" errors="0">
  <testcase name="testRoleCreate" time="12.273" classname="org.vms.testscripts.CreateRoleTypeTest"/>
  <testcase name="testRoleCreate" time="12.065" classname="org.vms.testscripts.CreateRoleTypeTest"/>
</testsuite> <!-- org.vms.testscripts.CreateRoleTypeTest -->
