<?xml version="1.0" encoding="UTF-8"?>
<!-- Generated by org.testng.reporters.JUnitReportReporter -->
<testsuite hostname="Mukul_Desk" name="org.vms.testscripts.TC002" tests="1" failures="0" timestamp="27 Feb 2019 11:40:11 GMT" time="9.661" errors="0">
  <testcase name="testRoleCreate" time="9.661" classname="org.vms.testscripts.TC002"/>
</testsuite> <!-- org.vms.testscripts.TC002 -->
