<?xml version="1.0" encoding="UTF-8"?>
<!-- Generated by org.testng.reporters.JUnitReportReporter -->
<testsuite hostname="Mukul_Desk" name="org.vms.base.Base" tests="1" failures="0" timestamp="27 Feb 2019 05:29:34 GMT" time="19.026" errors="0">
  <testcase name="browserInitiate" time="19.026" classname="org.vms.base.Base"/>
</testsuite> <!-- org.vms.base.Base -->
