<?xml version="1.0" encoding="UTF-8"?>
<!-- Generated by org.testng.reporters.JUnitReportReporter -->
<testsuite hostname="Shubham_Desk" name="org.vms.testscripts.TC001" tests="1" failures="0" timestamp="1 Mar 2019 10:50:47 GMT" time="17.195" errors="0">
  <testcase name="testLogin" time="17.195" classname="org.vms.testscripts.TC001"/>
</testsuite> <!-- org.vms.testscripts.TC001 -->
