<?xml version="1.0" encoding="UTF-8"?>
<!-- Generated by org.testng.reporters.JUnitReportReporter -->
<testsuite hostname="Mukul_Desk" name="org.vms.testscripts.TC002" tests="1" failures="0" timestamp="28 Feb 2019 09:07:19 GMT" time="11.100" errors="0">
  <testcase name="testRoleCreate" time="11.100" classname="org.vms.testscripts.TC002"/>
</testsuite> <!-- org.vms.testscripts.TC002 -->
