<?xml version="1.0" encoding="UTF-8"?>
<!-- Generated by org.testng.reporters.JUnitReportReporter -->
<testsuite hostname="Mukul_Desk" name="org.vms.VMS.Demo" tests="1" failures="0" timestamp="27 Feb 2019 05:28:33 GMT" time="0.021" errors="0">
  <testcase name="a" time="0.021" classname="org.vms.VMS.Demo"/>
</testsuite> <!-- org.vms.VMS.Demo -->
